<?xml version="1.0" encoding="UTF-8"?>
<!-- Generated by org.testng.reporters.JUnitXMLReporter -->
<testsuite ignored="2" hostname="DESKTOP-UDH29V5" failures="0" tests="1" name="Default test" time="8.423" errors="0" timestamp="2024-04-06T01:59:32 PDT">
  <testcase classname="ToolsQA_TC.Tests_NF_PracticeForms" name="Test_PracticeForm_01" time="8.399"/>
  <testcase classname="ToolsQA_TC.Tests_NF_PracticeForms" name="Test_PracticeForm_02" time="0.0">
    <ignored/>
  </testcase> <!-- Test_PracticeForm_02 -->
  <testcase classname="ToolsQA_TC.Tests_NF_PracticeForms" name="Test_PracticeForm_03" time="0.0">
    <ignored/>
  </testcase> <!-- Test_PracticeForm_03 -->
</testsuite> <!-- Default test -->
