<?xml version="1.0" encoding="UTF-8"?>
<!-- Generated by org.testng.reporters.JUnitXMLReporter -->
<testsuite ignored="2" hostname="DESKTOP-UDH29V5" failures="0" tests="1" name="Default test" time="7.628" errors="0" timestamp="2023-12-05T21:26:06 PST">
  <testcase classname="ToolsQA_TC.Tests_NF_PracticeForms" name="Test_PracticeForm_01" time="7.603"/>
  <testcase classname="ToolsQA_TC.Tests_NF_PracticeForms" name="Test_PracticeForm_02" time="0.0">
    <ignored/>
  </testcase> <!-- Test_PracticeForm_02 -->
  <testcase classname="ToolsQA_TC.Tests_NF_PracticeForms" name="Test_PracticeForm_03" time="0.0">
    <ignored/>
  </testcase> <!-- Test_PracticeForm_03 -->
</testsuite> <!-- Default test -->
