<?xml version="1.0" encoding="UTF-8"?>
<testng-results ignored="2" total="3" passed="1" failed="0" skipped="0">
  <reporter-output>
  </reporter-output>
  <suite started-at="2024-04-06T01:59:23 PDT" name="Default suite" finished-at="2024-04-06T01:59:32 PDT" duration-ms="8423">
    <groups>
    </groups>
    <test started-at="2024-04-06T01:59:23 PDT" name="Default test" finished-at="2024-04-06T01:59:32 PDT" duration-ms="8423">
      <class name="ToolsQA_TC.Tests_NF_PracticeForms">
        <test-method signature="Test_PracticeForm_01()[pri:0, instance:ToolsQA_TC.Tests_NF_PracticeForms@2f7298b]" started-at="2024-04-06T01:59:23 PDT" name="Test_PracticeForm_01" finished-at="2024-04-06T01:59:32 PDT" duration-ms="8399" status="PASS">
          <reporter-output>
          </reporter-output>
        </test-method> <!-- Test_PracticeForm_01 -->
      </class> <!-- ToolsQA_TC.Tests_NF_PracticeForms -->
    </test> <!-- Default test -->
  </suite> <!-- Default suite -->
</testng-results>
